<?xml version="1.0" encoding="UTF-8"?>
<coverage generated="1581568820858" clover="3.2.0">
  <project timestamp="1581568820859" name="All files">
    <metrics statements="65" coveredstatements="63" conditionals="14" coveredconditionals="13" methods="19" coveredmethods="18" elements="98" coveredelements="94" complexity="0" loc="65" ncloc="65" packages="1" files="2" classes="2"/>
    <file name="main.js" path="/home/yasmit/LIM011-fe-md-links/src/main.js">
      <metrics statements="40" coveredstatements="40" conditionals="6" coveredconditionals="6" methods="13" coveredmethods="13"/>
      <line num="1" count="2" type="stmt"/>
      <line num="2" count="2" type="stmt"/>
      <line num="3" count="2" type="stmt"/>
      <line num="6" count="4" type="stmt"/>
      <line num="7" count="2" type="stmt"/>
      <line num="9" count="25" type="stmt"/>
      <line num="10" count="13" type="stmt"/>
      <line num="11" count="23" type="stmt"/>
      <line num="15" count="2" type="stmt"/>
      <line num="16" count="13" type="stmt"/>
      <line num="17" count="13" type="stmt"/>
      <line num="20" count="2" type="stmt"/>
      <line num="21" count="25" type="stmt"/>
      <line num="22" count="25" type="stmt"/>
      <line num="26" count="2" type="stmt"/>
      <line num="27" count="24" type="stmt"/>
      <line num="28" count="24" type="cond" truecount="4" falsecount="0"/>
      <line num="29" count="12" type="stmt"/>
      <line num="30" count="12" type="stmt"/>
      <line num="32" count="24" type="cond" truecount="2" falsecount="0"/>
      <line num="33" count="12" type="stmt"/>
      <line num="34" count="12" type="stmt"/>
      <line num="35" count="18" type="stmt"/>
      <line num="37" count="18" type="stmt"/>
      <line num="40" count="24" type="stmt"/>
      <line num="43" count="2" type="stmt"/>
      <line num="44" count="10" type="stmt"/>
      <line num="46" count="10" type="stmt"/>
      <line num="47" count="10" type="stmt"/>
      <line num="48" count="10" type="stmt"/>
      <line num="49" count="10" type="stmt"/>
      <line num="52" count="10" type="stmt"/>
      <line num="54" count="10" type="stmt"/>
      <line num="59" count="2" type="stmt"/>
      <line num="60" count="5" type="stmt"/>
      <line num="61" count="5" type="stmt"/>
      <line num="62" count="5" type="stmt"/>
      <line num="63" count="10" type="stmt"/>
      <line num="65" count="5" type="stmt"/>
      <line num="68" count="2" type="stmt"/>
    </file>
    <file name="mdLinks.js" path="/home/yasmit/LIM011-fe-md-links/src/mdLinks.js">
      <metrics statements="25" coveredstatements="23" conditionals="8" coveredconditionals="7" methods="6" coveredmethods="5"/>
      <line num="1" count="1" type="stmt"/>
      <line num="2" count="1" type="stmt"/>
      <line num="4" count="1" type="stmt"/>
      <line num="5" count="3" type="stmt"/>
      <line num="7" count="3" type="stmt"/>
      <line num="8" count="6" type="stmt"/>
      <line num="10" count="6" type="stmt"/>
      <line num="12" count="6" type="cond" truecount="4" falsecount="0"/>
      <line num="13" count="3" type="stmt"/>
      <line num="14" count="3" type="stmt"/>
      <line num="16" count="3" type="stmt"/>
      <line num="18" count="3" type="stmt"/>
      <line num="19" count="3" type="stmt"/>
      <line num="22" count="3" type="stmt"/>
      <line num="23" count="0" type="stmt"/>
      <line num="28" count="3" type="stmt"/>
      <line num="31" count="1" type="stmt"/>
      <line num="32" count="3" type="stmt"/>
      <line num="33" count="3" type="cond" truecount="1" falsecount="1"/>
      <line num="34" count="0" type="stmt"/>
      <line num="36" count="3" type="cond" truecount="2" falsecount="0"/>
      <line num="37" count="2" type="stmt"/>
      <line num="39" count="1" type="stmt"/>
      <line num="41" count="1" type="stmt"/>
      <line num="43" count="1" type="stmt"/>
    </file>
  </project>
</coverage>
