{"/home/yasmit/LIM011-fe-md-links/src/main.js": {"path":"/home/yasmit/LIM011-fe-md-links/src/main.js","statementMap":{"0":{"start":{"line":1,"column":13},"end":{"line":1,"column":28}},"1":{"start":{"line":2,"column":11},"end":{"line":2,"column":24}},"2":{"start":{"line":3,"column":15},"end":{"line":3,"column":32}},"3":{"start":{"line":6,"column":20},"end":{"line":6,"column":51}},"4":{"start":{"line":6,"column":30},"end":{"line":6,"column":51}},"5":{"start":{"line":7,"column":20},"end":{"line":7,"column":48}},"6":{"start":{"line":7,"column":30},"end":{"line":7,"column":48}},"7":{"start":{"line":9,"column":18},"end":{"line":9,"column":56}},"8":{"start":{"line":9,"column":28},"end":{"line":9,"column":56}},"9":{"start":{"line":10,"column":28},"end":{"line":10,"column":58}},"10":{"start":{"line":10,"column":38},"end":{"line":10,"column":58}},"11":{"start":{"line":11,"column":30},"end":{"line":11,"column":79}},"12":{"start":{"line":11,"column":40},"end":{"line":11,"column":79}},"13":{"start":{"line":15,"column":19},"end":{"line":18,"column":1}},"14":{"start":{"line":16,"column":24},"end":{"line":16,"column":41}},"15":{"start":{"line":17,"column":2},"end":{"line":17,"column":32}},"16":{"start":{"line":20,"column":22},"end":{"line":23,"column":1}},"17":{"start":{"line":21,"column":24},"end":{"line":21,"column":41}},"18":{"start":{"line":22,"column":2},"end":{"line":22,"column":37}},"19":{"start":{"line":25,"column":25},"end":{"line":39,"column":1}},"20":{"start":{"line":26,"column":17},"end":{"line":26,"column":19}},"21":{"start":{"line":27,"column":2},"end":{"line":30,"column":3}},"22":{"start":{"line":28,"column":4},"end":{"line":28,"column":24}},"23":{"start":{"line":29,"column":4},"end":{"line":29,"column":32}},"24":{"start":{"line":31,"column":2},"end":{"line":37,"column":3}},"25":{"start":{"line":32,"column":27},"end":{"line":32,"column":52}},"26":{"start":{"line":33,"column":4},"end":{"line":36,"column":7}},"27":{"start":{"line":34,"column":27},"end":{"line":34,"column":51}},"28":{"start":{"line":35,"column":6},"end":{"line":35,"column":65}},"29":{"start":{"line":38,"column":2},"end":{"line":38,"column":18}},"30":{"start":{"line":41,"column":30},"end":{"line":53,"column":1}},"31":{"start":{"line":42,"column":14},"end":{"line":42,"column":16}},"32":{"start":{"line":44,"column":19},"end":{"line":44,"column":40}},"33":{"start":{"line":45,"column":24},"end":{"line":45,"column":51}},"34":{"start":{"line":46,"column":2},"end":{"line":48,"column":4}},"35":{"start":{"line":47,"column":4},"end":{"line":47,"column":55}},"36":{"start":{"line":50,"column":2},"end":{"line":50,"column":38}},"37":{"start":{"line":52,"column":2},"end":{"line":52,"column":15}},"38":{"start":{"line":57,"column":21},"end":{"line":64,"column":1}},"39":{"start":{"line":58,"column":20},"end":{"line":58,"column":22}},"40":{"start":{"line":59,"column":25},"end":{"line":59,"column":47}},"41":{"start":{"line":60,"column":2},"end":{"line":62,"column":5}},"42":{"start":{"line":61,"column":4},"end":{"line":61,"column":69}},"43":{"start":{"line":63,"column":2},"end":{"line":63,"column":21}},"44":{"start":{"line":68,"column":0},"end":{"line":80,"column":2}}},"fnMap":{"0":{"name":"(anonymous_0)","decl":{"start":{"line":6,"column":20},"end":{"line":6,"column":21}},"loc":{"start":{"line":6,"column":30},"end":{"line":6,"column":51}},"line":6},"1":{"name":"(anonymous_1)","decl":{"start":{"line":7,"column":20},"end":{"line":7,"column":21}},"loc":{"start":{"line":7,"column":30},"end":{"line":7,"column":48}},"line":7},"2":{"name":"(anonymous_2)","decl":{"start":{"line":9,"column":18},"end":{"line":9,"column":19}},"loc":{"start":{"line":9,"column":28},"end":{"line":9,"column":56}},"line":9},"3":{"name":"(anonymous_3)","decl":{"start":{"line":10,"column":28},"end":{"line":10,"column":29}},"loc":{"start":{"line":10,"column":38},"end":{"line":10,"column":58}},"line":10},"4":{"name":"(anonymous_4)","decl":{"start":{"line":11,"column":30},"end":{"line":11,"column":31}},"loc":{"start":{"line":11,"column":40},"end":{"line":11,"column":79}},"line":11},"5":{"name":"(anonymous_5)","decl":{"start":{"line":15,"column":19},"end":{"line":15,"column":20}},"loc":{"start":{"line":15,"column":29},"end":{"line":18,"column":1}},"line":15},"6":{"name":"(anonymous_6)","decl":{"start":{"line":20,"column":22},"end":{"line":20,"column":23}},"loc":{"start":{"line":20,"column":32},"end":{"line":23,"column":1}},"line":20},"7":{"name":"(anonymous_7)","decl":{"start":{"line":25,"column":25},"end":{"line":25,"column":26}},"loc":{"start":{"line":25,"column":35},"end":{"line":39,"column":1}},"line":25},"8":{"name":"(anonymous_8)","decl":{"start":{"line":33,"column":27},"end":{"line":33,"column":28}},"loc":{"start":{"line":33,"column":40},"end":{"line":36,"column":5}},"line":33},"9":{"name":"(anonymous_9)","decl":{"start":{"line":41,"column":30},"end":{"line":41,"column":31}},"loc":{"start":{"line":41,"column":40},"end":{"line":53,"column":1}},"line":41},"10":{"name":"(anonymous_10)","decl":{"start":{"line":46,"column":18},"end":{"line":46,"column":19}},"loc":{"start":{"line":46,"column":40},"end":{"line":48,"column":3}},"line":46},"11":{"name":"(anonymous_11)","decl":{"start":{"line":57,"column":21},"end":{"line":57,"column":22}},"loc":{"start":{"line":57,"column":31},"end":{"line":64,"column":1}},"line":57},"12":{"name":"(anonymous_12)","decl":{"start":{"line":60,"column":25},"end":{"line":60,"column":26}},"loc":{"start":{"line":60,"column":38},"end":{"line":62,"column":3}},"line":60}},"branchMap":{"0":{"loc":{"start":{"line":27,"column":2},"end":{"line":30,"column":3}},"type":"if","locations":[{"start":{"line":27,"column":2},"end":{"line":30,"column":3}},{"start":{"line":27,"column":2},"end":{"line":30,"column":3}}],"line":27},"1":{"loc":{"start":{"line":27,"column":6},"end":{"line":27,"column":59}},"type":"binary-expr","locations":[{"start":{"line":27,"column":6},"end":{"line":27,"column":30}},{"start":{"line":27,"column":34},"end":{"line":27,"column":59}}],"line":27},"2":{"loc":{"start":{"line":31,"column":2},"end":{"line":37,"column":3}},"type":"if","locations":[{"start":{"line":31,"column":2},"end":{"line":37,"column":3}},{"start":{"line":31,"column":2},"end":{"line":37,"column":3}}],"line":31}},"s":{"0":2,"1":2,"2":2,"3":2,"4":3,"5":2,"6":1,"7":2,"8":21,"9":2,"10":11,"11":2,"12":19,"13":2,"14":11,"15":11,"16":2,"17":21,"18":21,"19":2,"20":20,"21":20,"22":10,"23":10,"24":20,"25":10,"26":10,"27":15,"28":15,"29":20,"30":2,"31":8,"32":8,"33":8,"34":8,"35":12,"36":8,"37":8,"38":2,"39":4,"40":4,"41":4,"42":8,"43":4,"44":2},"f":{"0":3,"1":1,"2":21,"3":11,"4":19,"5":11,"6":21,"7":20,"8":15,"9":8,"10":12,"11":4,"12":8},"b":{"0":[10,10],"1":[20,10],"2":[10,10]},"_coverageSchema":"1a1c01bbd47fc00a2c39e90264f33305004495a9","hash":"82f084b781fbf2eed6c61106922c74b2b4c3b792"}
,"/home/yasmit/LIM011-fe-md-links/src/mdLinks.js": {"path":"/home/yasmit/LIM011-fe-md-links/src/mdLinks.js","statementMap":{"0":{"start":{"line":1,"column":14},"end":{"line":1,"column":35}},"1":{"start":{"line":2,"column":22},"end":{"line":2,"column":44}},"2":{"start":{"line":4,"column":23},"end":{"line":28,"column":1}},"3":{"start":{"line":5,"column":19},"end":{"line":5,"column":21}},"4":{"start":{"line":7,"column":2},"end":{"line":26,"column":5}},"5":{"start":{"line":8,"column":16},"end":{"line":8,"column":30}},"6":{"start":{"line":10,"column":4},"end":{"line":25,"column":10}},"7":{"start":{"line":12,"column":8},"end":{"line":16,"column":9}},"8":{"start":{"line":13,"column":10},"end":{"line":13,"column":39}},"9":{"start":{"line":14,"column":10},"end":{"line":14,"column":29}},"10":{"start":{"line":15,"column":10},"end":{"line":15,"column":21}},"11":{"start":{"line":17,"column":8},"end":{"line":17,"column":37}},"12":{"start":{"line":18,"column":8},"end":{"line":18,"column":29}},"13":{"start":{"line":20,"column":8},"end":{"line":20,"column":19}},"14":{"start":{"line":22,"column":8},"end":{"line":22,"column":33}},"15":{"start":{"line":23,"column":8},"end":{"line":23,"column":29}},"16":{"start":{"line":24,"column":8},"end":{"line":24,"column":19}},"17":{"start":{"line":27,"column":2},"end":{"line":27,"column":31}},"18":{"start":{"line":31,"column":16},"end":{"line":40,"column":1}},"19":{"start":{"line":32,"column":18},"end":{"line":32,"column":22}},"20":{"start":{"line":33,"column":2},"end":{"line":35,"column":3}},"21":{"start":{"line":34,"column":4},"end":{"line":34,"column":48}},"22":{"start":{"line":36,"column":2},"end":{"line":38,"column":3}},"23":{"start":{"line":37,"column":4},"end":{"line":37,"column":37}},"24":{"start":{"line":39,"column":2},"end":{"line":39,"column":64}},"25":{"start":{"line":43,"column":0},"end":{"line":46,"column":2}}},"fnMap":{"0":{"name":"(anonymous_0)","decl":{"start":{"line":4,"column":23},"end":{"line":4,"column":24}},"loc":{"start":{"line":4,"column":33},"end":{"line":28,"column":1}},"line":4},"1":{"name":"(anonymous_1)","decl":{"start":{"line":7,"column":43},"end":{"line":7,"column":44}},"loc":{"start":{"line":7,"column":56},"end":{"line":26,"column":3}},"line":7},"2":{"name":"(anonymous_2)","decl":{"start":{"line":11,"column":12},"end":{"line":11,"column":13}},"loc":{"start":{"line":11,"column":26},"end":{"line":21,"column":7}},"line":11},"3":{"name":"(anonymous_3)","decl":{"start":{"line":21,"column":15},"end":{"line":21,"column":16}},"loc":{"start":{"line":21,"column":21},"end":{"line":25,"column":7}},"line":21},"4":{"name":"(anonymous_4)","decl":{"start":{"line":31,"column":16},"end":{"line":31,"column":17}},"loc":{"start":{"line":31,"column":35},"end":{"line":40,"column":1}},"line":31}},"branchMap":{"0":{"loc":{"start":{"line":12,"column":8},"end":{"line":16,"column":9}},"type":"if","locations":[{"start":{"line":12,"column":8},"end":{"line":16,"column":9}},{"start":{"line":12,"column":8},"end":{"line":16,"column":9}}],"line":12},"1":{"loc":{"start":{"line":12,"column":12},"end":{"line":12,"column":64}},"type":"binary-expr","locations":[{"start":{"line":12,"column":13},"end":{"line":12,"column":35}},{"start":{"line":12,"column":41},"end":{"line":12,"column":63}}],"line":12},"2":{"loc":{"start":{"line":33,"column":2},"end":{"line":35,"column":3}},"type":"if","locations":[{"start":{"line":33,"column":2},"end":{"line":35,"column":3}},{"start":{"line":33,"column":2},"end":{"line":35,"column":3}}],"line":33},"3":{"loc":{"start":{"line":36,"column":2},"end":{"line":38,"column":3}},"type":"if","locations":[{"start":{"line":36,"column":2},"end":{"line":38,"column":3}},{"start":{"line":36,"column":2},"end":{"line":38,"column":3}}],"line":36}},"s":{"0":1,"1":1,"2":1,"3":2,"4":2,"5":6,"6":6,"7":4,"8":2,"9":2,"10":2,"11":2,"12":2,"13":2,"14":2,"15":2,"16":2,"17":2,"18":1,"19":2,"20":2,"21":0,"22":2,"23":1,"24":1,"25":1},"f":{"0":2,"1":6,"2":4,"3":2,"4":2},"b":{"0":[2,2],"1":[4,4],"2":[0,2],"3":[1,1]},"_coverageSchema":"1a1c01bbd47fc00a2c39e90264f33305004495a9","hash":"c0cb7f2b62db94b3b245b4253e2a63d043f86e85"}
}
