{"/home/yasmit/LIM011-fe-md-links/src/main.js": {"path":"/home/yasmit/LIM011-fe-md-links/src/main.js","statementMap":{"0":{"start":{"line":1,"column":13},"end":{"line":1,"column":28}},"1":{"start":{"line":2,"column":11},"end":{"line":2,"column":24}},"2":{"start":{"line":3,"column":15},"end":{"line":3,"column":32}},"3":{"start":{"line":6,"column":21},"end":{"line":6,"column":54}},"4":{"start":{"line":6,"column":32},"end":{"line":6,"column":54}},"5":{"start":{"line":7,"column":24},"end":{"line":7,"column":54}},"6":{"start":{"line":7,"column":35},"end":{"line":7,"column":54}},"7":{"start":{"line":10,"column":13},"end":{"line":10,"column":53}},"8":{"start":{"line":10,"column":24},"end":{"line":10,"column":53}},"9":{"start":{"line":11,"column":22},"end":{"line":11,"column":54}},"10":{"start":{"line":11,"column":33},"end":{"line":11,"column":54}},"11":{"start":{"line":12,"column":17},"end":{"line":12,"column":68}},"12":{"start":{"line":12,"column":28},"end":{"line":12,"column":68}},"13":{"start":{"line":16,"column":15},"end":{"line":16,"column":53}},"14":{"start":{"line":16,"column":26},"end":{"line":16,"column":53}},"15":{"start":{"line":19,"column":20},"end":{"line":19,"column":63}},"16":{"start":{"line":19,"column":31},"end":{"line":19,"column":63}},"17":{"start":{"line":21,"column":26},"end":{"line":35,"column":1}},"18":{"start":{"line":22,"column":17},"end":{"line":22,"column":19}},"19":{"start":{"line":23,"column":2},"end":{"line":26,"column":3}},"20":{"start":{"line":24,"column":4},"end":{"line":24,"column":25}},"21":{"start":{"line":27,"column":2},"end":{"line":33,"column":3}},"22":{"start":{"line":28,"column":32},"end":{"line":28,"column":52}},"23":{"start":{"line":29,"column":4},"end":{"line":32,"column":7}},"24":{"start":{"line":30,"column":27},"end":{"line":30,"column":52}},"25":{"start":{"line":31,"column":6},"end":{"line":31,"column":66}},"26":{"start":{"line":34,"column":2},"end":{"line":34,"column":18}},"27":{"start":{"line":38,"column":30},"end":{"line":50,"column":1}},"28":{"start":{"line":39,"column":14},"end":{"line":39,"column":16}},"29":{"start":{"line":41,"column":19},"end":{"line":41,"column":40}},"30":{"start":{"line":42,"column":22},"end":{"line":42,"column":37}},"31":{"start":{"line":43,"column":2},"end":{"line":45,"column":4}},"32":{"start":{"line":44,"column":4},"end":{"line":44,"column":56}},"33":{"start":{"line":47,"column":2},"end":{"line":47,"column":36}},"34":{"start":{"line":49,"column":2},"end":{"line":49,"column":15}},"35":{"start":{"line":54,"column":20},"end":{"line":61,"column":1}},"36":{"start":{"line":55,"column":17},"end":{"line":55,"column":19}},"37":{"start":{"line":56,"column":20},"end":{"line":56,"column":43}},"38":{"start":{"line":57,"column":2},"end":{"line":59,"column":5}},"39":{"start":{"line":58,"column":4},"end":{"line":58,"column":63}},"40":{"start":{"line":60,"column":2},"end":{"line":60,"column":18}},"41":{"start":{"line":65,"column":0},"end":{"line":77,"column":2}}},"fnMap":{"0":{"name":"(anonymous_0)","decl":{"start":{"line":6,"column":21},"end":{"line":6,"column":22}},"loc":{"start":{"line":6,"column":32},"end":{"line":6,"column":54}},"line":6},"1":{"name":"(anonymous_1)","decl":{"start":{"line":7,"column":24},"end":{"line":7,"column":25}},"loc":{"start":{"line":7,"column":35},"end":{"line":7,"column":54}},"line":7},"2":{"name":"(anonymous_2)","decl":{"start":{"line":10,"column":13},"end":{"line":10,"column":14}},"loc":{"start":{"line":10,"column":24},"end":{"line":10,"column":53}},"line":10},"3":{"name":"(anonymous_3)","decl":{"start":{"line":11,"column":22},"end":{"line":11,"column":23}},"loc":{"start":{"line":11,"column":33},"end":{"line":11,"column":54}},"line":11},"4":{"name":"(anonymous_4)","decl":{"start":{"line":12,"column":17},"end":{"line":12,"column":18}},"loc":{"start":{"line":12,"column":28},"end":{"line":12,"column":68}},"line":12},"5":{"name":"(anonymous_5)","decl":{"start":{"line":16,"column":15},"end":{"line":16,"column":16}},"loc":{"start":{"line":16,"column":26},"end":{"line":16,"column":53}},"line":16},"6":{"name":"(anonymous_6)","decl":{"start":{"line":19,"column":20},"end":{"line":19,"column":21}},"loc":{"start":{"line":19,"column":31},"end":{"line":19,"column":63}},"line":19},"7":{"name":"(anonymous_7)","decl":{"start":{"line":21,"column":26},"end":{"line":21,"column":27}},"loc":{"start":{"line":21,"column":37},"end":{"line":35,"column":1}},"line":21},"8":{"name":"(anonymous_8)","decl":{"start":{"line":29,"column":32},"end":{"line":29,"column":33}},"loc":{"start":{"line":29,"column":45},"end":{"line":32,"column":5}},"line":29},"9":{"name":"(anonymous_9)","decl":{"start":{"line":38,"column":30},"end":{"line":38,"column":31}},"loc":{"start":{"line":38,"column":41},"end":{"line":50,"column":1}},"line":38},"10":{"name":"(anonymous_10)","decl":{"start":{"line":43,"column":18},"end":{"line":43,"column":19}},"loc":{"start":{"line":43,"column":40},"end":{"line":45,"column":3}},"line":43},"11":{"name":"(anonymous_11)","decl":{"start":{"line":54,"column":20},"end":{"line":54,"column":21}},"loc":{"start":{"line":54,"column":30},"end":{"line":61,"column":1}},"line":54},"12":{"name":"(anonymous_12)","decl":{"start":{"line":57,"column":20},"end":{"line":57,"column":21}},"loc":{"start":{"line":57,"column":33},"end":{"line":59,"column":3}},"line":57}},"branchMap":{"0":{"loc":{"start":{"line":23,"column":2},"end":{"line":26,"column":3}},"type":"if","locations":[{"start":{"line":23,"column":2},"end":{"line":26,"column":3}},{"start":{"line":23,"column":2},"end":{"line":26,"column":3}}],"line":23},"1":{"loc":{"start":{"line":23,"column":6},"end":{"line":23,"column":34}},"type":"binary-expr","locations":[{"start":{"line":23,"column":6},"end":{"line":23,"column":19}},{"start":{"line":23,"column":23},"end":{"line":23,"column":34}}],"line":23},"2":{"loc":{"start":{"line":27,"column":2},"end":{"line":33,"column":3}},"type":"if","locations":[{"start":{"line":27,"column":2},"end":{"line":33,"column":3}},{"start":{"line":27,"column":2},"end":{"line":33,"column":3}}],"line":27}},"s":{"0":2,"1":2,"2":2,"3":2,"4":3,"5":2,"6":1,"7":2,"8":11,"9":2,"10":11,"11":2,"12":9,"13":2,"14":21,"15":2,"16":21,"17":2,"18":20,"19":20,"20":10,"21":20,"22":10,"23":10,"24":15,"25":15,"26":20,"27":2,"28":8,"29":8,"30":8,"31":8,"32":12,"33":8,"34":8,"35":2,"36":4,"37":4,"38":4,"39":8,"40":4,"41":2},"f":{"0":3,"1":1,"2":11,"3":11,"4":9,"5":21,"6":21,"7":20,"8":15,"9":8,"10":12,"11":4,"12":8},"b":{"0":[10,10],"1":[20,10],"2":[10,10]},"_coverageSchema":"1a1c01bbd47fc00a2c39e90264f33305004495a9","hash":"f6433da5c3e42465f3a1f3b10657a02b43691a2a"}
,"/home/yasmit/LIM011-fe-md-links/src/mdLinks.js": {"path":"/home/yasmit/LIM011-fe-md-links/src/mdLinks.js","statementMap":{"0":{"start":{"line":1,"column":14},"end":{"line":1,"column":35}},"1":{"start":{"line":2,"column":22},"end":{"line":2,"column":44}},"2":{"start":{"line":4,"column":25},"end":{"line":30,"column":1}},"3":{"start":{"line":5,"column":21},"end":{"line":28,"column":4}},"4":{"start":{"line":6,"column":16},"end":{"line":6,"column":18}},"5":{"start":{"line":8,"column":4},"end":{"line":27,"column":9}},"6":{"start":{"line":10,"column":8},"end":{"line":10,"column":36}},"7":{"start":{"line":11,"column":8},"end":{"line":11,"column":32}},"8":{"start":{"line":12,"column":8},"end":{"line":12,"column":32}},"9":{"start":{"line":13,"column":8},"end":{"line":13,"column":32}},"10":{"start":{"line":14,"column":8},"end":{"line":17,"column":9}},"11":{"start":{"line":15,"column":10},"end":{"line":15,"column":29}},"12":{"start":{"line":16,"column":10},"end":{"line":16,"column":21}},"13":{"start":{"line":18,"column":8},"end":{"line":18,"column":29}},"14":{"start":{"line":19,"column":8},"end":{"line":19,"column":19}},"15":{"start":{"line":21,"column":8},"end":{"line":21,"column":38}},"16":{"start":{"line":22,"column":8},"end":{"line":22,"column":32}},"17":{"start":{"line":23,"column":8},"end":{"line":23,"column":32}},"18":{"start":{"line":24,"column":8},"end":{"line":24,"column":32}},"19":{"start":{"line":25,"column":8},"end":{"line":25,"column":29}},"20":{"start":{"line":26,"column":8},"end":{"line":26,"column":19}},"21":{"start":{"line":29,"column":2},"end":{"line":29,"column":33}},"22":{"start":{"line":35,"column":16},"end":{"line":43,"column":1}},"23":{"start":{"line":36,"column":17},"end":{"line":36,"column":21}},"24":{"start":{"line":37,"column":2},"end":{"line":41,"column":3}},"25":{"start":{"line":38,"column":4},"end":{"line":38,"column":51}},"26":{"start":{"line":39,"column":9},"end":{"line":41,"column":3}},"27":{"start":{"line":40,"column":4},"end":{"line":40,"column":38}},"28":{"start":{"line":42,"column":2},"end":{"line":42,"column":62}},"29":{"start":{"line":47,"column":0},"end":{"line":50,"column":2}}},"fnMap":{"0":{"name":"(anonymous_0)","decl":{"start":{"line":4,"column":25},"end":{"line":4,"column":26}},"loc":{"start":{"line":4,"column":35},"end":{"line":30,"column":1}},"line":4},"1":{"name":"(anonymous_1)","decl":{"start":{"line":5,"column":57},"end":{"line":5,"column":58}},"loc":{"start":{"line":5,"column":70},"end":{"line":28,"column":3}},"line":5},"2":{"name":"(anonymous_2)","decl":{"start":{"line":9,"column":12},"end":{"line":9,"column":13}},"loc":{"start":{"line":9,"column":25},"end":{"line":20,"column":7}},"line":9},"3":{"name":"(anonymous_3)","decl":{"start":{"line":20,"column":15},"end":{"line":20,"column":16}},"loc":{"start":{"line":20,"column":21},"end":{"line":27,"column":7}},"line":20},"4":{"name":"(anonymous_4)","decl":{"start":{"line":35,"column":16},"end":{"line":35,"column":17}},"loc":{"start":{"line":35,"column":35},"end":{"line":43,"column":1}},"line":35}},"branchMap":{"0":{"loc":{"start":{"line":14,"column":8},"end":{"line":17,"column":9}},"type":"if","locations":[{"start":{"line":14,"column":8},"end":{"line":17,"column":9}},{"start":{"line":14,"column":8},"end":{"line":17,"column":9}}],"line":14},"1":{"loc":{"start":{"line":14,"column":12},"end":{"line":14,"column":62}},"type":"binary-expr","locations":[{"start":{"line":14,"column":13},"end":{"line":14,"column":34}},{"start":{"line":14,"column":40},"end":{"line":14,"column":61}}],"line":14},"2":{"loc":{"start":{"line":37,"column":2},"end":{"line":41,"column":3}},"type":"if","locations":[{"start":{"line":37,"column":2},"end":{"line":41,"column":3}},{"start":{"line":37,"column":2},"end":{"line":41,"column":3}}],"line":37},"3":{"loc":{"start":{"line":39,"column":9},"end":{"line":41,"column":3}},"type":"if","locations":[{"start":{"line":39,"column":9},"end":{"line":41,"column":3}},{"start":{"line":39,"column":9},"end":{"line":41,"column":3}}],"line":39}},"s":{"0":1,"1":1,"2":1,"3":2,"4":6,"5":6,"6":4,"7":4,"8":4,"9":4,"10":4,"11":2,"12":2,"13":2,"14":2,"15":2,"16":2,"17":2,"18":2,"19":2,"20":2,"21":2,"22":1,"23":2,"24":2,"25":0,"26":2,"27":1,"28":1,"29":1},"f":{"0":2,"1":6,"2":4,"3":2,"4":2},"b":{"0":[2,2],"1":[4,4],"2":[0,2],"3":[1,1]},"_coverageSchema":"1a1c01bbd47fc00a2c39e90264f33305004495a9","hash":"40b152fc18d55df1de5a05ed1b4ba50fcde94011"}
}
