TN:
SF:src/main.js
FN:5,(anonymous_0)
FN:6,(anonymous_1)
FN:7,(anonymous_2)
FN:8,(anonymous_3)
FN:9,(anonymous_4)
FN:10,(anonymous_5)
FN:11,(anonymous_6)
FN:13,(anonymous_7)
FN:20,(anonymous_8)
FN:28,(anonymous_9)
FN:32,(anonymous_10)
FN:42,(anonymous_11)
FN:45,(anonymous_12)
FNF:13
FNH:13
FNDA:3,(anonymous_0)
FNDA:1,(anonymous_1)
FNDA:11,(anonymous_2)
FNDA:11,(anonymous_3)
FNDA:9,(anonymous_4)
FNDA:21,(anonymous_5)
FNDA:21,(anonymous_6)
FNDA:20,(anonymous_7)
FNDA:15,(anonymous_8)
FNDA:8,(anonymous_9)
FNDA:12,(anonymous_10)
FNDA:4,(anonymous_11)
FNDA:8,(anonymous_12)
DA:1,2
DA:2,2
DA:3,2
DA:5,3
DA:6,2
DA:7,11
DA:8,11
DA:9,9
DA:10,21
DA:11,21
DA:13,2
DA:14,20
DA:15,20
DA:16,10
DA:18,20
DA:19,10
DA:20,10
DA:21,15
DA:22,15
DA:25,20
DA:28,2
DA:29,8
DA:30,8
DA:31,8
DA:32,8
DA:33,12
DA:36,8
DA:38,8
DA:42,2
DA:43,4
DA:44,4
DA:45,4
DA:46,8
DA:48,4
DA:51,2
LF:35
LH:35
BRDA:15,0,0,10
BRDA:15,0,1,10
BRDA:15,1,0,20
BRDA:15,1,1,10
BRDA:18,2,0,10
BRDA:18,2,1,10
BRF:6
BRH:6
end_of_record
TN:
SF:src/mdLinks.js
FN:5,(anonymous_0)
FNF:1
FNH:1
FNDA:2,(anonymous_0)
DA:1,1
DA:2,1
DA:5,1
DA:6,2
DA:7,2
DA:8,0
DA:9,2
DA:10,1
DA:12,1
DA:15,1
LF:10
LH:9
BRDA:7,0,0,0
BRDA:7,0,1,2
BRDA:9,1,0,1
BRDA:9,1,1,1
BRF:4
BRH:3
end_of_record
TN:
SF:src/validateLink.js
FN:4,(anonymous_0)
FN:5,(anonymous_1)
FN:9,(anonymous_2)
FN:20,(anonymous_3)
FNF:4
FNH:4
FNDA:2,(anonymous_0)
FNDA:6,(anonymous_1)
FNDA:4,(anonymous_2)
FNDA:2,(anonymous_3)
DA:1,1
DA:2,1
DA:4,1
DA:5,2
DA:6,6
DA:8,6
DA:10,4
DA:11,4
DA:12,4
DA:13,4
DA:14,4
DA:15,2
DA:16,2
DA:18,2
DA:19,2
DA:21,2
DA:22,2
DA:23,2
DA:24,2
DA:25,2
DA:26,2
DA:29,2
DA:32,1
LF:23
LH:23
BRDA:14,0,0,2
BRDA:14,0,1,2
BRDA:14,1,0,4
BRDA:14,1,1,4
BRF:4
BRH:4
end_of_record
