TN:
SF:src/main.js
FN:6,(anonymous_0)
FN:7,(anonymous_1)
FN:10,(anonymous_2)
FN:11,(anonymous_3)
FN:12,(anonymous_4)
FN:16,(anonymous_5)
FN:19,(anonymous_6)
FN:21,(anonymous_7)
FN:29,(anonymous_8)
FN:38,(anonymous_9)
FN:43,(anonymous_10)
FN:54,(anonymous_11)
FN:57,(anonymous_12)
FNF:13
FNH:13
FNDA:3,(anonymous_0)
FNDA:1,(anonymous_1)
FNDA:11,(anonymous_2)
FNDA:11,(anonymous_3)
FNDA:9,(anonymous_4)
FNDA:21,(anonymous_5)
FNDA:21,(anonymous_6)
FNDA:20,(anonymous_7)
FNDA:15,(anonymous_8)
FNDA:8,(anonymous_9)
FNDA:12,(anonymous_10)
FNDA:4,(anonymous_11)
FNDA:8,(anonymous_12)
DA:1,2
DA:2,2
DA:3,2
DA:6,3
DA:7,2
DA:10,11
DA:11,11
DA:12,9
DA:16,21
DA:19,21
DA:21,2
DA:22,20
DA:23,20
DA:24,10
DA:27,20
DA:28,10
DA:29,10
DA:30,15
DA:31,15
DA:34,20
DA:38,2
DA:39,8
DA:41,8
DA:42,8
DA:43,8
DA:44,12
DA:47,8
DA:49,8
DA:54,2
DA:55,4
DA:56,4
DA:57,4
DA:58,8
DA:60,4
DA:65,2
LF:35
LH:35
BRDA:23,0,0,10
BRDA:23,0,1,10
BRDA:23,1,0,20
BRDA:23,1,1,10
BRDA:27,2,0,10
BRDA:27,2,1,10
BRF:6
BRH:6
end_of_record
TN:
SF:src/mdLinks.js
FN:4,(anonymous_0)
FN:5,(anonymous_1)
FN:9,(anonymous_2)
FN:20,(anonymous_3)
FN:35,(anonymous_4)
FNF:5
FNH:5
FNDA:2,(anonymous_0)
FNDA:6,(anonymous_1)
FNDA:4,(anonymous_2)
FNDA:2,(anonymous_3)
FNDA:2,(anonymous_4)
DA:1,1
DA:2,1
DA:4,1
DA:5,2
DA:6,6
DA:8,6
DA:10,4
DA:11,4
DA:12,4
DA:13,4
DA:14,4
DA:15,2
DA:16,2
DA:18,2
DA:19,2
DA:21,2
DA:22,2
DA:23,2
DA:24,2
DA:25,2
DA:26,2
DA:29,2
DA:35,1
DA:36,2
DA:37,2
DA:38,0
DA:39,2
DA:40,1
DA:42,1
DA:47,1
LF:30
LH:29
BRDA:14,0,0,2
BRDA:14,0,1,2
BRDA:14,1,0,4
BRDA:14,1,1,4
BRDA:37,2,0,0
BRDA:37,2,1,2
BRDA:39,3,0,1
BRDA:39,3,1,1
BRF:8
BRH:7
end_of_record
